0 info it worked if it ends with ok
1 verbose cli [ '/Users/jean/.nvm/versions/node/v4.1.0/bin/node',
1 verbose cli   '/Users/jean/.nvm/versions/node/v4.1.0/bin/npm',
1 verbose cli   'run',
1 verbose cli   'start' ]
2 info using npm@3.3.3
3 info using node@v4.1.0
4 verbose run-script [ 'prestart', 'start', 'poststart' ]
5 info lifecycle launchpad@1.0.0~prestart: launchpad@1.0.0
6 silly lifecycle launchpad@1.0.0~prestart: no script for prestart, continuing
7 info lifecycle launchpad@1.0.0~start: launchpad@1.0.0
8 verbose lifecycle launchpad@1.0.0~start: unsafe-perm in lifecycle true
9 verbose lifecycle launchpad@1.0.0~start: PATH: /Users/jean/.nvm/versions/node/v4.1.0/lib/node_modules/npm/bin/node-gyp-bin:/Users/jean/Repositories/jeanlauliac/launchpad/node_modules/.bin:/Users/jean/.pyenv/shims:/Users/jean/.nvm/versions/node/v4.1.0/bin:/usr/local/bin:/usr/local/sbin:/usr/bin:/bin:/usr/sbin:/sbin:/opt/X11/bin:/Users/jean/bin
10 verbose lifecycle launchpad@1.0.0~start: CWD: /Users/jean/Repositories/jeanlauliac/launchpad
11 silly lifecycle launchpad@1.0.0~start: Args: [ '-c', 'babel source -d dist && node dist/index.js' ]
12 silly lifecycle launchpad@1.0.0~start: Returned: code: 1  signal: null
13 info lifecycle launchpad@1.0.0~start: Failed to exec start script
14 verbose stack Error: launchpad@1.0.0 start: `babel source -d dist && node dist/index.js`
14 verbose stack Exit status 1
14 verbose stack     at EventEmitter.<anonymous> (/Users/jean/.nvm/versions/node/v4.1.0/lib/node_modules/npm/lib/utils/lifecycle.js:233:16)
14 verbose stack     at emitTwo (events.js:87:13)
14 verbose stack     at EventEmitter.emit (events.js:172:7)
14 verbose stack     at ChildProcess.<anonymous> (/Users/jean/.nvm/versions/node/v4.1.0/lib/node_modules/npm/lib/utils/spawn.js:24:14)
14 verbose stack     at emitTwo (events.js:87:13)
14 verbose stack     at ChildProcess.emit (events.js:172:7)
14 verbose stack     at maybeClose (internal/child_process.js:817:16)
14 verbose stack     at Process.ChildProcess._handle.onexit (internal/child_process.js:211:5)
15 verbose pkgid launchpad@1.0.0
16 verbose cwd /Users/jean/Repositories/jeanlauliac/launchpad
17 error Darwin 14.5.0
18 error argv "/Users/jean/.nvm/versions/node/v4.1.0/bin/node" "/Users/jean/.nvm/versions/node/v4.1.0/bin/npm" "run" "start"
19 error node v4.1.0
20 error npm  v3.3.3
21 error code ELIFECYCLE
22 error launchpad@1.0.0 start: `babel source -d dist && node dist/index.js`
22 error Exit status 1
23 error Failed at the launchpad@1.0.0 start script 'babel source -d dist && node dist/index.js'.
23 error This is most likely a problem with the launchpad package,
23 error not with npm itself.
23 error Tell the author that this fails on your system:
23 error     babel source -d dist && node dist/index.js
23 error You can get their info via:
23 error     npm owner ls launchpad
23 error There is likely additional logging output above.
24 verbose exit [ 1, true ]
